2025-09-10 05:29:39 | INFO     | 🎯 Starting Counter-Exposure Engine
2025-09-10 05:29:39 | INFO     | Loaded 0 exposures from today
2025-09-10 05:29:39 | INFO     | Initialized engine - YouTube: ✓, Twitch: ✓
2025-09-10 05:29:39 | WARNING  | Request failed (attempt 1/3): 400 Client Error: Bad Request for url: https://www.googleapis.com/youtube/v3/search?part=snippet%2CliveStreamingDetails&eventType=live&type=video&maxResults=50&q=&key=your_youtube_api_key_here. Retrying in 1.29s
2025-09-10 05:29:40 | WARNING  | Request failed (attempt 2/3): 400 Client Error: Bad Request for url: https://www.googleapis.com/youtube/v3/search?part=snippet%2CliveStreamingDetails&eventType=live&type=video&maxResults=50&q=&key=your_youtube_api_key_here. Retrying in 2.20s
2025-09-10 05:29:43 | WARNING  | Request failed (attempt 3/3): 400 Client Error: Bad Request for url: https://www.googleapis.com/youtube/v3/search?part=snippet%2CliveStreamingDetails&eventType=live&type=video&maxResults=50&q=&key=your_youtube_api_key_here. Retrying in 4.37s
2025-09-10 05:29:47 | ERROR    | Request failed after 3 attempts: 400 Client Error: Bad Request for url: https://www.googleapis.com/youtube/v3/search?part=snippet%2CliveStreamingDetails&eventType=live&type=video&maxResults=50&q=&key=your_youtube_api_key_here
2025-09-10 05:29:47 | ERROR    | Error fetching YouTube live streams: 400 Client Error: Bad Request for url: https://www.googleapis.com/youtube/v3/search?part=snippet%2CliveStreamingDetails&eventType=live&type=video&maxResults=50&q=&key=your_youtube_api_key_here
2025-09-10 05:29:47 | INFO     | Fetched 0 streams from youtube
2025-09-10 05:29:47 | INFO     | Discovered 0 YouTube streams
2025-09-10 05:29:47 | WARNING  | Request failed (attempt 1/3): 401 Client Error: Unauthorized for url: https://api.twitch.tv/helix/streams?first=100. Retrying in 1.35s
2025-09-10 05:29:49 | WARNING  | Request failed (attempt 2/3): 401 Client Error: Unauthorized for url: https://api.twitch.tv/helix/streams?first=100. Retrying in 2.72s
2025-09-10 05:29:52 | WARNING  | Request failed (attempt 3/3): 401 Client Error: Unauthorized for url: https://api.twitch.tv/helix/streams?first=100. Retrying in 4.15s
2025-09-10 05:29:56 | ERROR    | Request failed after 3 attempts: 401 Client Error: Unauthorized for url: https://api.twitch.tv/helix/streams?first=100
2025-09-10 05:29:56 | ERROR    | Error fetching Twitch live streams: 401 Client Error: Unauthorized for url: https://api.twitch.tv/helix/streams?first=100
2025-09-10 05:29:56 | INFO     | Fetched 0 streams from twitch
2025-09-10 05:29:56 | INFO     | Discovered 0 Twitch streams
2025-09-10 05:29:56 | INFO     | Total streams discovered: 0
2025-09-10 05:29:56 | INFO     | Eligible underexposed streams: 0
2025-09-10 05:29:56 | WARNING  | No eligible streams found
2025-09-10 05:29:56 | WARNING  | No underexposed streams found!
2025-09-10 08:04:47 | INFO     | Fetched 3 streams from base
2025-09-10 08:04:47 | WARNING  | Error processing Twitch stream: 'user_login'
2025-09-10 08:04:47 | ERROR    | Error fetching Twitch live streams: API Error
2025-09-10 08:04:47 | INFO     | Fetched 3 streams from youtube
2025-09-10 08:04:47 | ERROR    | Error fetching YouTube live streams: API Error
2025-09-10 08:59:06 | INFO     | 🎯 Starting Counter-Exposure Engine
2025-09-10 08:59:06 | INFO     | Loaded 0 exposures from today
2025-09-10 08:59:06 | INFO     | Initialized engine - YouTube: ✓, Twitch: ✓
2025-09-10 08:59:06 | WARNING  | Request failed (attempt 1/3): 400 Client Error: Bad Request for url: https://www.googleapis.com/youtube/v3/search?part=snippet%2CliveStreamingDetails&eventType=live&type=video&maxResults=50&q=&key=your_youtube_api_key_here. Retrying in 1.70s
2025-09-10 08:59:08 | WARNING  | Request failed (attempt 2/3): 400 Client Error: Bad Request for url: https://www.googleapis.com/youtube/v3/search?part=snippet%2CliveStreamingDetails&eventType=live&type=video&maxResults=50&q=&key=your_youtube_api_key_here. Retrying in 2.97s
2025-09-10 08:59:11 | WARNING  | Request failed (attempt 3/3): 400 Client Error: Bad Request for url: https://www.googleapis.com/youtube/v3/search?part=snippet%2CliveStreamingDetails&eventType=live&type=video&maxResults=50&q=&key=your_youtube_api_key_here. Retrying in 4.50s
2025-09-10 08:59:15 | ERROR    | Request failed after 3 attempts: 400 Client Error: Bad Request for url: https://www.googleapis.com/youtube/v3/search?part=snippet%2CliveStreamingDetails&eventType=live&type=video&maxResults=50&q=&key=your_youtube_api_key_here
2025-09-10 08:59:15 | ERROR    | Error fetching YouTube live streams: 400 Client Error: Bad Request for url: https://www.googleapis.com/youtube/v3/search?part=snippet%2CliveStreamingDetails&eventType=live&type=video&maxResults=50&q=&key=your_youtube_api_key_here
2025-09-10 08:59:15 | INFO     | Fetched 0 streams from youtube
2025-09-10 08:59:15 | INFO     | Discovered 0 YouTube streams
2025-09-10 08:59:15 | WARNING  | Request failed (attempt 1/3): 401 Client Error: Unauthorized for url: https://api.twitch.tv/helix/streams?first=100. Retrying in 1.35s
2025-09-10 08:59:17 | WARNING  | Request failed (attempt 2/3): 401 Client Error: Unauthorized for url: https://api.twitch.tv/helix/streams?first=100. Retrying in 2.16s
2025-09-10 08:59:19 | WARNING  | Request failed (attempt 3/3): 401 Client Error: Unauthorized for url: https://api.twitch.tv/helix/streams?first=100. Retrying in 4.24s
2025-09-10 09:17:32 | WARNING  | Request failed (attempt 1/3): 400 Client Error: Bad Request for url: https://www.googleapis.com/youtube/v3/search?part=snippet%2CliveStreamingDetails&eventType=live&type=video&maxResults=50&q=gaming&key=AIzaSyAgo79oyT4K2KJsCv5yYvdjjHeLhBiPeIo&max_results=10. Retrying in 1.10s
2025-09-10 09:17:34 | WARNING  | Request failed (attempt 2/3): 400 Client Error: Bad Request for url: https://www.googleapis.com/youtube/v3/search?part=snippet%2CliveStreamingDetails&eventType=live&type=video&maxResults=50&q=gaming&key=AIzaSyAgo79oyT4K2KJsCv5yYvdjjHeLhBiPeIo&max_results=10. Retrying in 2.31s
2025-09-10 09:17:36 | WARNING  | Request failed (attempt 3/3): 400 Client Error: Bad Request for url: https://www.googleapis.com/youtube/v3/search?part=snippet%2CliveStreamingDetails&eventType=live&type=video&maxResults=50&q=gaming&key=AIzaSyAgo79oyT4K2KJsCv5yYvdjjHeLhBiPeIo&max_results=10. Retrying in 4.44s
2025-09-10 09:17:41 | ERROR    | Request failed after 3 attempts: 400 Client Error: Bad Request for url: https://www.googleapis.com/youtube/v3/search?part=snippet%2CliveStreamingDetails&eventType=live&type=video&maxResults=50&q=gaming&key=AIzaSyAgo79oyT4K2KJsCv5yYvdjjHeLhBiPeIo&max_results=10
2025-09-10 09:17:41 | ERROR    | Error fetching YouTube live streams: 400 Client Error: Bad Request for url: https://www.googleapis.com/youtube/v3/search?part=snippet%2CliveStreamingDetails&eventType=live&type=video&maxResults=50&q=gaming&key=AIzaSyAgo79oyT4K2KJsCv5yYvdjjHeLhBiPeIo&max_results=10
2025-09-10 09:18:05 | WARNING  | Request failed (attempt 1/3): 400 Client Error: Bad Request for url: https://www.googleapis.com/youtube/v3/search?part=snippet%2CliveStreamingDetails&eventType=live&type=video&maxResults=50&q=gaming&key=AIzaSyAgo79oyT4K2KJsCv5yYvdjjHeLhBiPeIo&max_results=10. Retrying in 1.80s
2025-09-10 09:18:07 | WARNING  | Request failed (attempt 2/3): 400 Client Error: Bad Request for url: https://www.googleapis.com/youtube/v3/search?part=snippet%2CliveStreamingDetails&eventType=live&type=video&maxResults=50&q=gaming&key=AIzaSyAgo79oyT4K2KJsCv5yYvdjjHeLhBiPeIo&max_results=10. Retrying in 2.70s
2025-09-10 09:18:10 | WARNING  | Request failed (attempt 3/3): 400 Client Error: Bad Request for url: https://www.googleapis.com/youtube/v3/search?part=snippet%2CliveStreamingDetails&eventType=live&type=video&maxResults=50&q=gaming&key=AIzaSyAgo79oyT4K2KJsCv5yYvdjjHeLhBiPeIo&max_results=10. Retrying in 4.56s
2025-09-10 09:18:15 | ERROR    | Request failed after 3 attempts: 400 Client Error: Bad Request for url: https://www.googleapis.com/youtube/v3/search?part=snippet%2CliveStreamingDetails&eventType=live&type=video&maxResults=50&q=gaming&key=AIzaSyAgo79oyT4K2KJsCv5yYvdjjHeLhBiPeIo&max_results=10
2025-09-10 09:18:15 | ERROR    | Error fetching YouTube live streams: 400 Client Error: Bad Request for url: https://www.googleapis.com/youtube/v3/search?part=snippet%2CliveStreamingDetails&eventType=live&type=video&maxResults=50&q=gaming&key=AIzaSyAgo79oyT4K2KJsCv5yYvdjjHeLhBiPeIo&max_results=10
2025-09-10 09:18:51 | WARNING  | Request failed (attempt 1/3): 400 Client Error: Bad Request for url: https://www.googleapis.com/youtube/v3/search?part=snippet%2CliveStreamingDetails&eventType=live&type=video&maxResults=50&q=&key=AIzaSyAgo79oyT4K2KJsCv5yYvdjjHeLhBiPeIo&max_results=10. Retrying in 1.95s
2025-09-10 09:18:54 | WARNING  | Request failed (attempt 2/3): 400 Client Error: Bad Request for url: https://www.googleapis.com/youtube/v3/search?part=snippet%2CliveStreamingDetails&eventType=live&type=video&maxResults=50&q=&key=AIzaSyAgo79oyT4K2KJsCv5yYvdjjHeLhBiPeIo&max_results=10. Retrying in 2.45s
2025-09-10 09:18:56 | WARNING  | Request failed (attempt 3/3): 400 Client Error: Bad Request for url: https://www.googleapis.com/youtube/v3/search?part=snippet%2CliveStreamingDetails&eventType=live&type=video&maxResults=50&q=&key=AIzaSyAgo79oyT4K2KJsCv5yYvdjjHeLhBiPeIo&max_results=10. Retrying in 4.42s
2025-09-10 09:19:01 | ERROR    | Request failed after 3 attempts: 400 Client Error: Bad Request for url: https://www.googleapis.com/youtube/v3/search?part=snippet%2CliveStreamingDetails&eventType=live&type=video&maxResults=50&q=&key=AIzaSyAgo79oyT4K2KJsCv5yYvdjjHeLhBiPeIo&max_results=10
2025-09-10 09:19:01 | ERROR    | Error fetching YouTube live streams: 400 Client Error: Bad Request for url: https://www.googleapis.com/youtube/v3/search?part=snippet%2CliveStreamingDetails&eventType=live&type=video&maxResults=50&q=&key=AIzaSyAgo79oyT4K2KJsCv5yYvdjjHeLhBiPeIo&max_results=10
2025-09-10 09:19:01 | WARNING  | Request failed (attempt 1/3): 400 Client Error: Bad Request for url: https://www.googleapis.com/youtube/v3/search?part=snippet%2CliveStreamingDetails&eventType=live&type=video&maxResults=50&q=live&key=AIzaSyAgo79oyT4K2KJsCv5yYvdjjHeLhBiPeIo&max_results=10. Retrying in 1.14s
2025-09-10 09:19:03 | WARNING  | Request failed (attempt 2/3): 400 Client Error: Bad Request for url: https://www.googleapis.com/youtube/v3/search?part=snippet%2CliveStreamingDetails&eventType=live&type=video&maxResults=50&q=live&key=AIzaSyAgo79oyT4K2KJsCv5yYvdjjHeLhBiPeIo&max_results=10. Retrying in 2.74s
2025-09-10 09:19:05 | WARNING  | Request failed (attempt 3/3): 400 Client Error: Bad Request for url: https://www.googleapis.com/youtube/v3/search?part=snippet%2CliveStreamingDetails&eventType=live&type=video&maxResults=50&q=live&key=AIzaSyAgo79oyT4K2KJsCv5yYvdjjHeLhBiPeIo&max_results=10. Retrying in 4.27s
2025-09-10 09:19:10 | ERROR    | Request failed after 3 attempts: 400 Client Error: Bad Request for url: https://www.googleapis.com/youtube/v3/search?part=snippet%2CliveStreamingDetails&eventType=live&type=video&maxResults=50&q=live&key=AIzaSyAgo79oyT4K2KJsCv5yYvdjjHeLhBiPeIo&max_results=10
2025-09-10 09:19:10 | ERROR    | Error fetching YouTube live streams: 400 Client Error: Bad Request for url: https://www.googleapis.com/youtube/v3/search?part=snippet%2CliveStreamingDetails&eventType=live&type=video&maxResults=50&q=live&key=AIzaSyAgo79oyT4K2KJsCv5yYvdjjHeLhBiPeIo&max_results=10
2025-09-10 09:19:10 | WARNING  | Request failed (attempt 1/3): 400 Client Error: Bad Request for url: https://www.googleapis.com/youtube/v3/search?part=snippet%2CliveStreamingDetails&eventType=live&type=video&maxResults=50&q=gaming&key=AIzaSyAgo79oyT4K2KJsCv5yYvdjjHeLhBiPeIo&max_results=10. Retrying in 1.22s
2025-09-10 09:19:12 | WARNING  | Request failed (attempt 2/3): 400 Client Error: Bad Request for url: https://www.googleapis.com/youtube/v3/search?part=snippet%2CliveStreamingDetails&eventType=live&type=video&maxResults=50&q=gaming&key=AIzaSyAgo79oyT4K2KJsCv5yYvdjjHeLhBiPeIo&max_results=10. Retrying in 2.72s
2025-09-10 09:19:15 | WARNING  | Request failed (attempt 3/3): 400 Client Error: Bad Request for url: https://www.googleapis.com/youtube/v3/search?part=snippet%2CliveStreamingDetails&eventType=live&type=video&maxResults=50&q=gaming&key=AIzaSyAgo79oyT4K2KJsCv5yYvdjjHeLhBiPeIo&max_results=10. Retrying in 4.66s
2025-09-10 09:19:19 | ERROR    | Request failed after 3 attempts: 400 Client Error: Bad Request for url: https://www.googleapis.com/youtube/v3/search?part=snippet%2CliveStreamingDetails&eventType=live&type=video&maxResults=50&q=gaming&key=AIzaSyAgo79oyT4K2KJsCv5yYvdjjHeLhBiPeIo&max_results=10
2025-09-10 09:19:19 | ERROR    | Error fetching YouTube live streams: 400 Client Error: Bad Request for url: https://www.googleapis.com/youtube/v3/search?part=snippet%2CliveStreamingDetails&eventType=live&type=video&maxResults=50&q=gaming&key=AIzaSyAgo79oyT4K2KJsCv5yYvdjjHeLhBiPeIo&max_results=10
2025-09-10 09:19:20 | WARNING  | Request failed (attempt 1/3): 400 Client Error: Bad Request for url: https://www.googleapis.com/youtube/v3/search?part=snippet%2CliveStreamingDetails&eventType=live&type=video&maxResults=50&q=music&key=AIzaSyAgo79oyT4K2KJsCv5yYvdjjHeLhBiPeIo&max_results=10. Retrying in 1.75s
2025-09-10 09:19:22 | WARNING  | Request failed (attempt 2/3): 400 Client Error: Bad Request for url: https://www.googleapis.com/youtube/v3/search?part=snippet%2CliveStreamingDetails&eventType=live&type=video&maxResults=50&q=music&key=AIzaSyAgo79oyT4K2KJsCv5yYvdjjHeLhBiPeIo&max_results=10. Retrying in 2.78s
2025-09-10 09:19:25 | WARNING  | Request failed (attempt 3/3): 400 Client Error: Bad Request for url: https://www.googleapis.com/youtube/v3/search?part=snippet%2CliveStreamingDetails&eventType=live&type=video&maxResults=50&q=music&key=AIzaSyAgo79oyT4K2KJsCv5yYvdjjHeLhBiPeIo&max_results=10. Retrying in 4.25s
2025-09-10 09:19:29 | ERROR    | Request failed after 3 attempts: 400 Client Error: Bad Request for url: https://www.googleapis.com/youtube/v3/search?part=snippet%2CliveStreamingDetails&eventType=live&type=video&maxResults=50&q=music&key=AIzaSyAgo79oyT4K2KJsCv5yYvdjjHeLhBiPeIo&max_results=10
2025-09-10 09:19:29 | ERROR    | Error fetching YouTube live streams: 400 Client Error: Bad Request for url: https://www.googleapis.com/youtube/v3/search?part=snippet%2CliveStreamingDetails&eventType=live&type=video&maxResults=50&q=music&key=AIzaSyAgo79oyT4K2KJsCv5yYvdjjHeLhBiPeIo&max_results=10
2025-09-10 09:19:29 | WARNING  | Request failed (attempt 1/3): 400 Client Error: Bad Request for url: https://www.googleapis.com/youtube/v3/search?part=snippet%2CliveStreamingDetails&eventType=live&type=video&maxResults=50&q=news&key=AIzaSyAgo79oyT4K2KJsCv5yYvdjjHeLhBiPeIo&max_results=10. Retrying in 1.05s
2025-09-10 09:19:31 | WARNING  | Request failed (attempt 2/3): 400 Client Error: Bad Request for url: https://www.googleapis.com/youtube/v3/search?part=snippet%2CliveStreamingDetails&eventType=live&type=video&maxResults=50&q=news&key=AIzaSyAgo79oyT4K2KJsCv5yYvdjjHeLhBiPeIo&max_results=10. Retrying in 2.76s
2025-09-10 09:19:34 | WARNING  | Request failed (attempt 3/3): 400 Client Error: Bad Request for url: https://www.googleapis.com/youtube/v3/search?part=snippet%2CliveStreamingDetails&eventType=live&type=video&maxResults=50&q=news&key=AIzaSyAgo79oyT4K2KJsCv5yYvdjjHeLhBiPeIo&max_results=10. Retrying in 4.76s
2025-09-10 09:19:39 | ERROR    | Request failed after 3 attempts: 400 Client Error: Bad Request for url: https://www.googleapis.com/youtube/v3/search?part=snippet%2CliveStreamingDetails&eventType=live&type=video&maxResults=50&q=news&key=AIzaSyAgo79oyT4K2KJsCv5yYvdjjHeLhBiPeIo&max_results=10
2025-09-10 09:19:39 | ERROR    | Error fetching YouTube live streams: 400 Client Error: Bad Request for url: https://www.googleapis.com/youtube/v3/search?part=snippet%2CliveStreamingDetails&eventType=live&type=video&maxResults=50&q=news&key=AIzaSyAgo79oyT4K2KJsCv5yYvdjjHeLhBiPeIo&max_results=10
2025-09-10 09:20:22 | WARNING  | Request failed (attempt 1/3): 400 Client Error: Bad Request for url: https://www.googleapis.com/youtube/v3/search?part=snippet%2CliveStreamingDetails&eventType=live&type=video&maxResults=50&q=gaming&key=AIzaSyAgo79oyT4K2KJsCv5yYvdjjHeLhBiPeIo&max_results=10. Retrying in 1.27s
2025-09-10 09:20:23 | WARNING  | Request failed (attempt 2/3): 400 Client Error: Bad Request for url: https://www.googleapis.com/youtube/v3/search?part=snippet%2CliveStreamingDetails&eventType=live&type=video&maxResults=50&q=gaming&key=AIzaSyAgo79oyT4K2KJsCv5yYvdjjHeLhBiPeIo&max_results=10. Retrying in 2.03s
2025-09-10 09:20:25 | WARNING  | Request failed (attempt 3/3): 400 Client Error: Bad Request for url: https://www.googleapis.com/youtube/v3/search?part=snippet%2CliveStreamingDetails&eventType=live&type=video&maxResults=50&q=gaming&key=AIzaSyAgo79oyT4K2KJsCv5yYvdjjHeLhBiPeIo&max_results=10. Retrying in 4.16s
2025-09-10 09:20:30 | ERROR    | Request failed after 3 attempts: 400 Client Error: Bad Request for url: https://www.googleapis.com/youtube/v3/search?part=snippet%2CliveStreamingDetails&eventType=live&type=video&maxResults=50&q=gaming&key=AIzaSyAgo79oyT4K2KJsCv5yYvdjjHeLhBiPeIo&max_results=10
2025-09-10 09:20:30 | ERROR    | Error fetching YouTube live streams: 400 Client Error: Bad Request for url: https://www.googleapis.com/youtube/v3/search?part=snippet%2CliveStreamingDetails&eventType=live&type=video&maxResults=50&q=gaming&key=AIzaSyAgo79oyT4K2KJsCv5yYvdjjHeLhBiPeIo&max_results=10
2025-09-10 09:20:30 | WARNING  | Request failed (attempt 1/3): 400 Client Error: Bad Request for url: https://www.googleapis.com/youtube/v3/search?part=snippet%2CliveStreamingDetails&eventType=live&type=video&maxResults=50&q=music&key=AIzaSyAgo79oyT4K2KJsCv5yYvdjjHeLhBiPeIo&max_results=10. Retrying in 1.32s
2025-09-10 09:20:31 | WARNING  | Request failed (attempt 2/3): 400 Client Error: Bad Request for url: https://www.googleapis.com/youtube/v3/search?part=snippet%2CliveStreamingDetails&eventType=live&type=video&maxResults=50&q=music&key=AIzaSyAgo79oyT4K2KJsCv5yYvdjjHeLhBiPeIo&max_results=10. Retrying in 2.99s
2025-09-10 09:20:35 | WARNING  | Request failed (attempt 3/3): 400 Client Error: Bad Request for url: https://www.googleapis.com/youtube/v3/search?part=snippet%2CliveStreamingDetails&eventType=live&type=video&maxResults=50&q=music&key=AIzaSyAgo79oyT4K2KJsCv5yYvdjjHeLhBiPeIo&max_results=10. Retrying in 4.38s
2025-09-10 09:20:39 | ERROR    | Request failed after 3 attempts: 400 Client Error: Bad Request for url: https://www.googleapis.com/youtube/v3/search?part=snippet%2CliveStreamingDetails&eventType=live&type=video&maxResults=50&q=music&key=AIzaSyAgo79oyT4K2KJsCv5yYvdjjHeLhBiPeIo&max_results=10
2025-09-10 09:20:39 | ERROR    | Error fetching YouTube live streams: 400 Client Error: Bad Request for url: https://www.googleapis.com/youtube/v3/search?part=snippet%2CliveStreamingDetails&eventType=live&type=video&maxResults=50&q=music&key=AIzaSyAgo79oyT4K2KJsCv5yYvdjjHeLhBiPeIo&max_results=10
2025-09-10 09:20:40 | WARNING  | Request failed (attempt 1/3): 400 Client Error: Bad Request for url: https://www.googleapis.com/youtube/v3/search?part=snippet%2CliveStreamingDetails&eventType=live&type=video&maxResults=50&q=news&key=AIzaSyAgo79oyT4K2KJsCv5yYvdjjHeLhBiPeIo&max_results=10. Retrying in 1.86s
2025-09-10 09:20:42 | WARNING  | Request failed (attempt 2/3): 400 Client Error: Bad Request for url: https://www.googleapis.com/youtube/v3/search?part=snippet%2CliveStreamingDetails&eventType=live&type=video&maxResults=50&q=news&key=AIzaSyAgo79oyT4K2KJsCv5yYvdjjHeLhBiPeIo&max_results=10. Retrying in 2.78s
2025-09-10 09:20:45 | WARNING  | Request failed (attempt 3/3): 400 Client Error: Bad Request for url: https://www.googleapis.com/youtube/v3/search?part=snippet%2CliveStreamingDetails&eventType=live&type=video&maxResults=50&q=news&key=AIzaSyAgo79oyT4K2KJsCv5yYvdjjHeLhBiPeIo&max_results=10. Retrying in 4.33s
2025-09-10 09:20:49 | ERROR    | Request failed after 3 attempts: 400 Client Error: Bad Request for url: https://www.googleapis.com/youtube/v3/search?part=snippet%2CliveStreamingDetails&eventType=live&type=video&maxResults=50&q=news&key=AIzaSyAgo79oyT4K2KJsCv5yYvdjjHeLhBiPeIo&max_results=10
2025-09-10 09:20:49 | ERROR    | Error fetching YouTube live streams: 400 Client Error: Bad Request for url: https://www.googleapis.com/youtube/v3/search?part=snippet%2CliveStreamingDetails&eventType=live&type=video&maxResults=50&q=news&key=AIzaSyAgo79oyT4K2KJsCv5yYvdjjHeLhBiPeIo&max_results=10
2025-09-10 09:20:49 | WARNING  | Request failed (attempt 1/3): 400 Client Error: Bad Request for url: https://www.googleapis.com/youtube/v3/search?part=snippet%2CliveStreamingDetails&eventType=live&type=video&maxResults=50&q=&key=AIzaSyAgo79oyT4K2KJsCv5yYvdjjHeLhBiPeIo&max_results=10. Retrying in 1.94s
2025-09-10 09:20:51 | WARNING  | Request failed (attempt 2/3): 400 Client Error: Bad Request for url: https://www.googleapis.com/youtube/v3/search?part=snippet%2CliveStreamingDetails&eventType=live&type=video&maxResults=50&q=&key=AIzaSyAgo79oyT4K2KJsCv5yYvdjjHeLhBiPeIo&max_results=10. Retrying in 2.09s
2025-09-10 09:20:54 | WARNING  | Request failed (attempt 3/3): 400 Client Error: Bad Request for url: https://www.googleapis.com/youtube/v3/search?part=snippet%2CliveStreamingDetails&eventType=live&type=video&maxResults=50&q=&key=AIzaSyAgo79oyT4K2KJsCv5yYvdjjHeLhBiPeIo&max_results=10. Retrying in 4.68s
2025-09-10 09:20:59 | ERROR    | Request failed after 3 attempts: 400 Client Error: Bad Request for url: https://www.googleapis.com/youtube/v3/search?part=snippet%2CliveStreamingDetails&eventType=live&type=video&maxResults=50&q=&key=AIzaSyAgo79oyT4K2KJsCv5yYvdjjHeLhBiPeIo&max_results=10
2025-09-10 09:20:59 | ERROR    | Error fetching YouTube live streams: 400 Client Error: Bad Request for url: https://www.googleapis.com/youtube/v3/search?part=snippet%2CliveStreamingDetails&eventType=live&type=video&maxResults=50&q=&key=AIzaSyAgo79oyT4K2KJsCv5yYvdjjHeLhBiPeIo&max_results=10
2025-09-10 09:35:16 | INFO     | 🚀 Starting Combined Discovery
2025-09-10 09:35:16 | INFO     | 🎯 Starting Counter-Exposure Engine
2025-09-10 09:35:16 | INFO     | Loaded 0 exposures from today
2025-09-10 09:35:16 | INFO     | Initialized engine - YouTube: ✓, Twitch: ✓
2025-09-10 09:35:16 | WARNING  | Request failed (attempt 1/3): 400 Client Error: Bad Request for url: https://www.googleapis.com/youtube/v3/search?part=snippet%2CliveStreamingDetails&eventType=live&type=video&maxResults=50&q=&key=your_youtube_api_key_here. Retrying in 1.11s
2025-09-10 09:35:17 | WARNING  | Request failed (attempt 2/3): 400 Client Error: Bad Request for url: https://www.googleapis.com/youtube/v3/search?part=snippet%2CliveStreamingDetails&eventType=live&type=video&maxResults=50&q=&key=your_youtube_api_key_here. Retrying in 2.33s
2025-09-10 09:35:20 | WARNING  | Request failed (attempt 3/3): 400 Client Error: Bad Request for url: https://www.googleapis.com/youtube/v3/search?part=snippet%2CliveStreamingDetails&eventType=live&type=video&maxResults=50&q=&key=your_youtube_api_key_here. Retrying in 4.21s
2025-09-10 09:35:24 | ERROR    | Request failed after 3 attempts: 400 Client Error: Bad Request for url: https://www.googleapis.com/youtube/v3/search?part=snippet%2CliveStreamingDetails&eventType=live&type=video&maxResults=50&q=&key=your_youtube_api_key_here
2025-09-10 09:35:24 | ERROR    | Error fetching YouTube live streams: 400 Client Error: Bad Request for url: https://www.googleapis.com/youtube/v3/search?part=snippet%2CliveStreamingDetails&eventType=live&type=video&maxResults=50&q=&key=your_youtube_api_key_here
2025-09-10 09:35:24 | INFO     | Fetched 0 streams from youtube
2025-09-10 09:35:24 | INFO     | Discovered 0 YouTube streams
2025-09-10 09:35:24 | WARNING  | Request failed (attempt 1/3): 401 Client Error: Unauthorized for url: https://api.twitch.tv/helix/streams?first=100. Retrying in 1.08s
2025-09-10 09:35:25 | WARNING  | Request failed (attempt 2/3): 401 Client Error: Unauthorized for url: https://api.twitch.tv/helix/streams?first=100. Retrying in 2.31s
2025-09-10 09:35:28 | WARNING  | Request failed (attempt 3/3): 401 Client Error: Unauthorized for url: https://api.twitch.tv/helix/streams?first=100. Retrying in 4.27s
2025-09-10 09:35:32 | ERROR    | Request failed after 3 attempts: 401 Client Error: Unauthorized for url: https://api.twitch.tv/helix/streams?first=100
2025-09-10 09:35:32 | ERROR    | Error fetching Twitch live streams: 401 Client Error: Unauthorized for url: https://api.twitch.tv/helix/streams?first=100
2025-09-10 09:35:32 | INFO     | Fetched 0 streams from twitch
2025-09-10 09:35:32 | INFO     | Discovered 0 Twitch streams
2025-09-10 09:35:32 | INFO     | Total streams discovered: 0
2025-09-10 09:35:32 | INFO     | Eligible underexposed streams: 0
2025-09-10 09:35:32 | WARNING  | No eligible streams found
2025-09-10 09:35:32 | WARNING  | No underexposed streams found!
2025-09-10 09:35:32 | INFO     | 🔍 Starting Reverse Discovery
2025-09-10 09:35:32 | INFO     | Processing query: 'new indie game'
2025-09-10 09:35:34 | INFO     | Found last page for query 'new indie game': 1
2025-09-10 09:35:34 | INFO     | Starting reverse search from page 1
2025-09-10 09:35:35 | INFO     | Extracted 0 results from page 1
2025-09-10 09:35:41 | INFO     | Extracted 19 YouTube live results from page 3
2025-09-10 09:35:45 | INFO     | Extracted 19 YouTube live results from page 2
2025-09-10 09:35:50 | INFO     | Extracted 19 YouTube live results from page 1
2025-09-10 09:35:50 | INFO     | Processing query: 'small streamer'
2025-09-10 09:35:52 | INFO     | Found last page for query 'small streamer': 1
2025-09-10 09:35:52 | INFO     | Starting reverse search from page 1
2025-09-10 09:35:54 | INFO     | Extracted 0 results from page 1
2025-09-10 09:35:56 | INFO     | Extracted 28 YouTube live results from page 3
2025-09-10 09:35:59 | INFO     | Extracted 28 YouTube live results from page 2
2025-09-10 09:36:03 | INFO     | Extracted 28 YouTube live results from page 1
2025-09-10 09:36:03 | INFO     | Processing query: 'unknown artist'
2025-09-10 09:36:05 | INFO     | Found last page for query 'unknown artist': 1
2025-09-10 09:36:05 | INFO     | Starting reverse search from page 1
2025-09-10 09:36:07 | INFO     | Extracted 0 results from page 1
2025-09-10 09:36:10 | INFO     | Extracted 18 YouTube live results from page 3
2025-09-10 09:36:13 | INFO     | Extracted 18 YouTube live results from page 2
2025-09-10 09:36:16 | INFO     | Extracted 18 YouTube live results from page 1
2025-09-10 09:36:16 | INFO     | Total underexposed content discovered: 195
2025-09-10 09:36:16 | INFO     | Filtered 36 results, 159 remaining
2025-09-10 09:37:15 | INFO     | 🚀 Starting Combined Discovery
2025-09-10 09:37:15 | INFO     | 🎯 Starting Counter-Exposure Engine
2025-09-10 09:37:15 | INFO     | Loaded 0 exposures from today
2025-09-10 09:37:15 | INFO     | Initialized engine - YouTube: ✓, Twitch: ✓
2025-09-10 09:37:15 | WARNING  | Request failed (attempt 1/3): 400 Client Error: Bad Request for url: https://www.googleapis.com/youtube/v3/search?part=snippet%2CliveStreamingDetails&eventType=live&type=video&maxResults=50&q=&key=your_youtube_api_key_here. Retrying in 1.74s
2025-09-10 09:37:17 | WARNING  | Request failed (attempt 2/3): 400 Client Error: Bad Request for url: https://www.googleapis.com/youtube/v3/search?part=snippet%2CliveStreamingDetails&eventType=live&type=video&maxResults=50&q=&key=your_youtube_api_key_here. Retrying in 2.56s
2025-09-10 09:37:19 | WARNING  | Request failed (attempt 3/3): 400 Client Error: Bad Request for url: https://www.googleapis.com/youtube/v3/search?part=snippet%2CliveStreamingDetails&eventType=live&type=video&maxResults=50&q=&key=your_youtube_api_key_here. Retrying in 4.84s
2025-09-10 09:37:24 | ERROR    | Request failed after 3 attempts: 400 Client Error: Bad Request for url: https://www.googleapis.com/youtube/v3/search?part=snippet%2CliveStreamingDetails&eventType=live&type=video&maxResults=50&q=&key=your_youtube_api_key_here
2025-09-10 09:37:24 | ERROR    | Error fetching YouTube live streams: 400 Client Error: Bad Request for url: https://www.googleapis.com/youtube/v3/search?part=snippet%2CliveStreamingDetails&eventType=live&type=video&maxResults=50&q=&key=your_youtube_api_key_here
2025-09-10 09:37:24 | INFO     | Fetched 0 streams from youtube
2025-09-10 09:37:24 | INFO     | Discovered 0 YouTube streams
2025-09-10 09:37:24 | WARNING  | Request failed (attempt 1/3): 401 Client Error: Unauthorized for url: https://api.twitch.tv/helix/streams?first=100. Retrying in 1.08s
2025-09-10 09:37:26 | WARNING  | Request failed (attempt 2/3): 401 Client Error: Unauthorized for url: https://api.twitch.tv/helix/streams?first=100. Retrying in 2.45s
2025-09-10 09:37:28 | WARNING  | Request failed (attempt 3/3): 401 Client Error: Unauthorized for url: https://api.twitch.tv/helix/streams?first=100. Retrying in 4.54s
2025-09-10 09:37:33 | ERROR    | Request failed after 3 attempts: 401 Client Error: Unauthorized for url: https://api.twitch.tv/helix/streams?first=100
2025-09-10 09:37:33 | ERROR    | Error fetching Twitch live streams: 401 Client Error: Unauthorized for url: https://api.twitch.tv/helix/streams?first=100
2025-09-10 09:37:33 | INFO     | Fetched 0 streams from twitch
2025-09-10 09:37:33 | INFO     | Discovered 0 Twitch streams
2025-09-10 09:37:33 | INFO     | Total streams discovered: 0
2025-09-10 09:37:33 | INFO     | Eligible underexposed streams: 0
2025-09-10 09:37:33 | WARNING  | No eligible streams found
2025-09-10 09:37:33 | WARNING  | No underexposed streams found!
2025-09-10 09:37:33 | INFO     | 🔍 Starting Reverse Discovery
2025-09-10 09:37:33 | INFO     | Processing query: 'new indie game'
2025-09-10 09:37:35 | INFO     | Found last page for query 'new indie game': 1
2025-09-10 09:37:35 | INFO     | Starting reverse search from page 1
2025-09-10 09:37:37 | INFO     | Extracted 0 results from page 1
2025-09-10 09:37:41 | INFO     | Extracted 19 YouTube live results from page 3
2025-09-10 09:37:46 | INFO     | Extracted 19 YouTube live results from page 2
2025-09-10 09:37:50 | INFO     | Extracted 19 YouTube live results from page 1
2025-09-10 09:37:50 | INFO     | Processing query: 'small streamer'
2025-09-10 09:37:53 | INFO     | Found last page for query 'small streamer': 1
2025-09-10 09:37:53 | INFO     | Starting reverse search from page 1
2025-09-10 09:37:55 | INFO     | Extracted 0 results from page 1
2025-09-10 09:37:57 | INFO     | Extracted 27 YouTube live results from page 3
2025-09-10 09:37:59 | INFO     | Extracted 27 YouTube live results from page 2
2025-09-10 09:38:02 | INFO     | Extracted 27 YouTube live results from page 1
2025-09-10 09:38:02 | INFO     | Processing query: 'unknown artist'
2025-09-10 09:38:03 | INFO     | Found last page for query 'unknown artist': 1
2025-09-10 09:38:03 | INFO     | Starting reverse search from page 1
2025-09-10 09:38:05 | INFO     | Extracted 0 results from page 1
2025-09-10 09:38:09 | INFO     | Extracted 17 YouTube live results from page 3
2025-09-10 09:38:12 | INFO     | Extracted 17 YouTube live results from page 2
2025-09-10 09:38:15 | INFO     | Extracted 17 YouTube live results from page 1
2025-09-10 09:38:15 | INFO     | Total underexposed content discovered: 189
2025-09-10 09:38:15 | INFO     | Filtered 42 results, 147 remaining
2025-10-05 01:26:19 | INFO     | Processing query: 'new indie game'
2025-10-05 01:26:22 | INFO     | Found last page for query 'new indie game': 1
2025-10-05 01:26:22 | INFO     | Starting reverse search from page 1
2025-10-05 01:26:24 | INFO     | Extracted 0 results from page 1
2025-10-05 01:26:29 | INFO     | Extracted 19 YouTube live results from page 3
2025-10-05 01:26:32 | INFO     | Extracted 19 YouTube live results from page 2
2025-10-05 01:26:36 | INFO     | Extracted 19 YouTube live results from page 1
2025-10-05 01:26:36 | INFO     | Processing query: 'small creator'
2025-10-05 01:26:39 | INFO     | Found last page for query 'small creator': 1
2025-10-05 01:26:39 | INFO     | Starting reverse search from page 1
2025-10-05 01:26:41 | INFO     | Extracted 0 results from page 1
2025-10-05 01:26:45 | INFO     | Extracted 28 YouTube live results from page 3
2025-10-05 01:26:48 | INFO     | Extracted 28 YouTube live results from page 2
2025-10-05 01:26:50 | INFO     | Extracted 28 YouTube live results from page 1
2025-10-05 01:26:50 | INFO     | Processing query: 'unknown artist'
2025-10-05 01:26:51 | INFO     | Found last page for query 'unknown artist': 1
2025-10-05 01:26:51 | INFO     | Starting reverse search from page 1
2025-10-05 01:26:53 | INFO     | Extracted 0 results from page 1
2025-10-05 01:26:57 | INFO     | Extracted 18 YouTube live results from page 3
2025-10-05 01:26:59 | INFO     | Extracted 18 YouTube live results from page 2
2025-10-05 01:27:01 | INFO     | Extracted 18 YouTube live results from page 1
2025-10-05 01:27:01 | INFO     | Processing query: 'underrated'
2025-10-05 01:27:04 | INFO     | Found last page for query 'underrated': 1
2025-10-05 01:27:04 | INFO     | Starting reverse search from page 1
2025-10-05 01:27:07 | INFO     | Extracted 0 results from page 1
2025-10-05 01:27:10 | INFO     | Extracted 20 YouTube live results from page 3
2025-10-05 01:27:12 | INFO     | Extracted 20 YouTube live results from page 2
2025-10-05 01:27:14 | INFO     | Extracted 20 YouTube live results from page 1
2025-10-05 01:27:14 | INFO     | Total underexposed content discovered: 255 (filtered from 255 total)
2025-10-05 01:27:14 | INFO     | Filtered 42 results, 213 remaining
